  ...10/98
  ...20/98
  ...30/98
  ...40/98
  ...50/98
  ...60/98
  ...70/98
  ...80/98
  ...90/98
==============================================================
离线重算 98 题  (run: reports/harness_baseline)
==============================================================

sql_correctness 分布(题数):
  分          旧     新      变化
  1.0        2    10      +8
  0.5        5     3      -2
  0.2       56    36     -20
  skip      35    49     +14

总分 avg:  旧 0.761  →  新 0.783  (Δ +0.022)

按 skill(新 avg):
  skill                    n    新avg
  gate-pump-operation     15   0.831
  rainfall                18   0.755
  water-forecast          13   0.721
  water-quality           13   0.809
  water-situation         25   0.790
  water-warning           14   0.788

健全性: 非-SC verifier(sql_safety) 新旧不一致 = 0 (应为 0)
